Aug 25, 2025 5:56:48 PM de.unibonn.realkd.common.parameter.DefaultSubCollectionParameter$JsonStringToCollectionParser findByString
WARNING: Could not find element 'id' in collection.
Aug 25, 2025 5:56:48 PM de.unibonn.realkd.run.LegacyComputationSpecification build
INFO: accepted parameter values:
table=WPO 1.0.0
targets=[property]
modeling=Empirical distribution
dev_measure=normalized max constant ref
controls=Optional.empty
props=Statements about WPO 1.0.0
attr_filter=[EH, EHH]
obj_func=frequency times deviation
num_res=2
cutoff_in_util=2.0
qual_func_params=0
hard_cutoffs=above
num_threads=10
num_seeds=1000000
seed_dist=P(x)=freq(x)^a
a=1
post_proc=LinearRandomPruner
